
[Dec  5 2018] [01:21:20] : HKUSpace IMRS Successfully Loaded at 01:21:20.
[Dec  5 2018] [01:21:20] : User, < root > have Logged in HKUSpace IRMS.
[Dec  5 2018] [01:21:20] : User, < root > have added a record. (Item Number = 1975863040)
[Dec  5 2018] [01:21:20] : User, < root > have added a record. (Item Number = 1975863168)
[Dec  5 2018] [01:21:20] : User, < root > have added a record. (Item Number = 1975863296)
[Dec  5 2018] [01:21:20] : User, < root > have added a record. (Item Number = 9080744)
[Dec  5 2018] [01:21:20] : User, < root > have added a record. (Item Number = 12250104)
[Dec  5 2018] [01:21:20] : User, < root > have added a record. (Item Number = 12250360)
[Dec  5 2018] [01:27:27] : HKUSpace IMRS Successfully Loaded at 01:27:27.
[Dec  5 2018] [01:27:27] : User, < root > have Logged in HKUSpace IRMS.
[Dec  5 2018] [01:27:27] : User, < root > have displayed all records
[Dec  5 2018] [01:32:13] : HKUSpace IMRS Successfully Loaded at 01:32:13.
[Dec  5 2018] [01:32:13] : User, < root > have Logged in HKUSpace IRMS.
[Dec  5 2018] [01:32:13] : User, < root > have searched record. (Item Number = 1000)
[Dec  5 2018] [01:32:13] : User, < root > have searched record. (Item Number = 1002)
[Dec  5 2018] [01:34:02] : HKUSpace IMRS Successfully Loaded at 01:34:02.
[Dec  5 2018] [01:35:47] : HKUSpace IMRS Successfully Loaded at 01:35:47.
[Dec  5 2018] [01:35:47] : User, < tch > failure to Log in HKUSpace IRMS.
[Dec  5 2018] [01:35:47] : User, < tch > have Logged in HKUSpace IRMS.
[Dec  5 2018] [01:35:47] : User, < tch > have Logged out HKUSpace IRMS.